<?xml version="1.0" encoding="UTF-8"?>
<!-- Generated by org.testng.reporters.JUnitReportReporter -->
<testsuite hostname="DESKTOP-6CC5T2N" name="com.Api.TestCases.TC003_GET_Request" tests="1" failures="0" timestamp="27 Mar 2023 18:01:05 GMT" time="3.813" errors="0">
  <testcase name="getDetailsHeader" time="3.813" classname="com.Api.TestCases.TC003_GET_Request"/>
</testsuite> <!-- com.Api.TestCases.TC003_GET_Request -->
