<?xml version="1.0" encoding="UTF-8"?>
<!-- Generated by org.testng.reporters.JUnitReportReporter -->
<testsuite hostname="DESKTOP-6CC5T2N" name="com.Api.TestCases.TC004_GET_PrintAllHeader" tests="1" failures="0" timestamp="28 Mar 2023 12:15:43 GMT" time="6.517" errors="0">
  <testcase name="PrintAll_Header_Value" time="6.517" classname="com.Api.TestCases.TC004_GET_PrintAllHeader"/>
</testsuite> <!-- com.Api.TestCases.TC004_GET_PrintAllHeader -->
