<?xml version="1.0" encoding="UTF-8"?>
<!-- Generated by org.testng.reporters.JUnitReportReporter -->
<testsuite hostname="DESKTOP-6CC5T2N" name="com.Api.TestCases.TC001_GET_Request" tests="1" failures="0" timestamp="27 Mar 2023 18:00:13 GMT" time="4.236" errors="0">
  <testcase name="getwetherDetails" time="4.236" classname="com.Api.TestCases.TC001_GET_Request"/>
</testsuite> <!-- com.Api.TestCases.TC001_GET_Request -->
