<?xml version="1.0" encoding="UTF-8"?>
<!-- Generated by org.testng.reporters.JUnitReportReporter -->
<testsuite hostname="DESKTOP-6CC5T2N" name="com.Api.TestCases.TC002_POST_Request" tests="1" failures="0" timestamp="27 Mar 2023 17:59:22 GMT" time="4.034" errors="0">
  <testcase name="Test2" time="4.034" classname="com.Api.TestCases.TC002_POST_Request"/>
</testsuite> <!-- com.Api.TestCases.TC002_POST_Request -->
