<?xml version="1.0" encoding="UTF-8"?>
<!-- Generated by org.testng.reporters.JUnitReportReporter -->
<testsuite hostname="DESKTOP-6CC5T2N" name="com.Api.TestCases.TC005_GET_Validating_JSONResponse" tests="1" failures="0" timestamp="28 Mar 2023 12:09:46 GMT" time="5.170" errors="0">
  <testcase name="getDetails" time="5.170" classname="com.Api.TestCases.TC005_GET_Validating_JSONResponse"/>
</testsuite> <!-- com.Api.TestCases.TC005_GET_Validating_JSONResponse -->
